[2026-06-26T14:56:54.707Z] LOGIN_SUCCESS - Arno Den
[2026-06-26T15:00:27.827Z] LOGIN_FAILED - Bob leBon LeBon
[2026-06-26T15:00:49.715Z] LOGIN_FAILED - Bob  leBon
[2026-06-26T15:01:23.807Z] LOGIN_FAILED - Bob  LeBon
[2026-06-26T15:02:22.145Z] LOGIN_FAILED - Bob  LeBon
[2026-06-26T15:02:52.583Z] LOGIN_FAILED - Bob leBon
[2026-06-26T15:03:48.803Z] LOGIN_SUCCESS - Bob LeBon
[2026-06-26T15:41:12.601Z] LOGIN_SUCCESS - Arno Den
[2026-06-26T16:22:35.336Z] LOGIN_SUCCESS - Arno Den
[2026-06-26T16:30:22.822Z] LOGIN_SUCCESS - Arno Den
[2026-06-26T16:41:19.472Z] LOGIN_SUCCESS - Arno Den
[2026-06-26T17:03:15.359Z] LOGIN_SUCCESS - Arno Den
[2026-06-27T17:50:57.298Z] LOGIN_SUCCESS - Arno Den
[2026-06-27T17:58:05.822Z] LOGIN_SUCCESS - Arno Den
[2026-06-27T18:04:46.216Z] LOGIN_SUCCESS - Arno Den
[2026-06-27T18:08:38.671Z] LOGIN_SUCCESS - Arno Den
[2026-06-27T18:11:40.619Z] LOGIN_SUCCESS - Arno Den
[2026-06-27T18:23:25.536Z] LOGIN_SUCCESS - Arno Den
[2026-06-30T19:24:26.454Z] LOGIN_SUCCESS - Arno Den
[2026-07-02T15:06:34.942Z] LOGIN_SUCCESS - Arno Den
[2026-07-02T15:16:41.651Z] LOGIN_SUCCESS - Arno Den
[2026-07-02T15:19:42.722Z] LOGIN_SUCCESS - Bob LeBon
[2026-07-10T22:08:31.843Z] LOGIN_FAILED - Ano Den
[2026-07-10T22:09:09.920Z] LOGIN_SUCCESS - Arno Den
[2026-07-10T14:43:40.524Z] LOGIN_SUCCESS - Arno Den
[2026-07-11T17:42:58.570Z] LOGIN_FAILED - Arno 0123
[2026-07-11T17:43:27.757Z] LOGIN_SUCCESS - Arno Den
[2026-07-11T18:00:35.987Z] LOGIN_SUCCESS - Arnaud Den
[2026-07-11T18:40:15.611Z] LOGIN_SUCCESS - Arnaud Den
[2026-07-11T18:57:35.880Z] LOGIN_SUCCESS - Arnaud Den
[2026-07-12T15:05:11.975Z] LOGIN_SUCCESS - Arnaud Den
[2026-07-12T15:09:16.134Z] LOGIN_SUCCESS - Arnaud Den
[2026-07-12T15:14:51.676Z] LOGIN_SUCCESS - Arnaud Den
[2026-07-12T15:39:29.778Z] LOGIN_SUCCESS - Den Arnaud
[2026-07-12T15:48:21.806Z] LOGIN_SUCCESS - Den Arnaud
[2026-07-12T16:02:55.565Z] LOGIN_SUCCESS - Den Arnaud
[2026-07-12T16:14:08.713Z] LOGIN_SUCCESS - Den Arnaud
[2026-07-12T16:19:31.244Z] LOGIN_FAILED - Jean Matin
[2026-07-12T17:32:39.858Z] LOGIN_FAILED - jyff carit
[2026-07-12T17:33:25.445Z] LOGIN_FAILED - kiff myr
[2026-07-12T17:33:46.436Z] LOGIN_FAILED - tfkf fkvvh
[2026-07-12T17:36:24.003Z] LOGIN_FAILED - jfnjje fbhf
[2026-07-12T17:36:57.963Z] LOGIN_FAILED - feh  bf
[2026-07-12T17:41:03.410Z] LOGIN_FAILED - kiff deff
[2026-07-12T17:48:45.851Z] LOGIN_FAILED - kiffe kill
[2026-07-12T17:56:34.855Z] LOGIN_FAILED - jdvhjdv vjnjbhvn
